# JRE version: OpenJDK Runtime Environment (8.0_152-b01) (build 1.8.0_152-release-1024-b01)
# Java VM: OpenJDK 64-Bit Server VM (25.152-b01 mixed mode linux-amd64 compressed oops)
Heap:
 PSYoungGen      total 352256K, used 1880K [0x00000000e0000000, 0x00000000f8f80000, 0x0000000100000000)
  eden space 296960K, 0% used [0x00000000e0000000,0x00000000e0000000,0x00000000f2200000)
  from space 55296K, 3% used [0x00000000f2380000,0x00000000f25563a8,0x00000000f5980000)
  to   space 43520K, 0% used [0x00000000f6500000,0x00000000f6500000,0x00000000f8f80000)
 ParOldGen       total 162816K, used 143353K [0x00000000a0000000, 0x00000000a9f00000, 0x00000000e0000000)
  object space 162816K, 88% used [0x00000000a0000000,0x00000000a8bfe488,0x00000000a9f00000)
 Metaspace       used 65740K, capacity 67784K, committed 68096K, reserved 1107968K
  class space    used 8615K, capacity 9113K, committed 9216K, reserved 1048576K
GC Heap History (10 events):
Event: 123,527 GC heap after
Heap after GC invocations=16 (full 2):
 PSYoungGen      total 222720K, used 2504K [0x00000000e0000000, 0x00000000eef00000, 0x0000000100000000)
  eden space 205824K, 0% used [0x00000000e0000000,0x00000000e0000000,0x00000000ec900000)
  from space 16896K, 14% used [0x00000000ede80000,0x00000000ee0f2050,0x00000000eef00000)
  to   space 19456K, 0% used [0x00000000ec900000,0x00000000ec900000,0x00000000edc00000)
 ParOldGen       total 46080K, used 43612K [0x00000000a0000000, 0x00000000a2d00000, 0x00000000e0000000)
  object space 46080K, 94% used [0x00000000a0000000,0x00000000a2a97370,0x00000000a2d00000)
 Metaspace       used 57193K, capacity 58990K, committed 59028K, reserved 1099776K
  class space    used 7759K, capacity 8164K, committed 8192K, reserved 1048576K
}
Event: 123,527 GC heap before
{Heap before GC invocations=17 (full 3):
 PSYoungGen      total 222720K, used 2504K [0x00000000e0000000, 0x00000000eef00000, 0x0000000100000000)
  eden space 205824K, 0% used [0x00000000e0000000,0x00000000e0000000,0x00000000ec900000)
  from space 16896K, 14% used [0x00000000ede80000,0x00000000ee0f2050,0x00000000eef00000)
  to   space 19456K, 0% used [0x00000000ec900000,0x00000000ec900000,0x00000000edc00000)
 ParOldGen       total 46080K, used 43612K [0x00000000a0000000, 0x00000000a2d00000, 0x00000000e0000000)
  object space 46080K, 94% used [0x00000000a0000000,0x00000000a2a97370,0x00000000a2d00000)
 Metaspace       used 57193K, capacity 58990K, committed 59028K, reserved 1099776K
  class space    used 7759K, capacity 8164K, committed 8192K, reserved 1048576K
Event: 124,047 GC heap after
Heap after GC invocations=17 (full 3):
 PSYoungGen      total 222720K, used 0K [0x00000000e0000000, 0x00000000eef00000, 0x0000000100000000)
  eden space 205824K, 0% used [0x00000000e0000000,0x00000000e0000000,0x00000000ec900000)
  from space 16896K, 0% used [0x00000000ede80000,0x00000000ede80000,0x00000000eef00000)
  to   space 19456K, 0% used [0x00000000ec900000,0x00000000ec900000,0x00000000edc00000)
 ParOldGen       total 83456K, used 34260K [0x00000000a0000000, 0x00000000a5180000, 0x00000000e0000000)
  object space 83456K, 41% used [0x00000000a0000000,0x00000000a2175078,0x00000000a5180000)
 Metaspace       used 57186K, capacity 58966K, committed 59028K, reserved 1099776K
  class space    used 7757K, capacity 8160K, committed 8192K, reserved 1048576K
}
Event: 132,238 GC heap before
{Heap before GC invocations=18 (full 3):
 PSYoungGen      total 222720K, used 205824K [0x00000000e0000000, 0x00000000eef00000, 0x0000000100000000)
  eden space 205824K, 100% used [0x00000000e0000000,0x00000000ec900000,0x00000000ec900000)
  from space 16896K, 0% used [0x00000000ede80000,0x00000000ede80000,0x00000000eef00000)
  to   space 19456K, 0% used [0x00000000ec900000,0x00000000ec900000,0x00000000edc00000)
 ParOldGen       total 83456K, used 34260K [0x00000000a0000000, 0x00000000a5180000, 0x00000000e0000000)
  object space 83456K, 41% used [0x00000000a0000000,0x00000000a2175078,0x00000000a5180000)
 Metaspace       used 62666K, capacity 64514K, committed 64896K, reserved 1105920K
  class space    used 8315K, capacity 8712K, committed 8832K, reserved 1048576K
Event: 138,270 GC heap after
Heap after GC invocations=18 (full 3):
 PSYoungGen      total 225280K, used 19424K [0x00000000e0000000, 0x00000000f8f80000, 0x0000000100000000)
  eden space 205824K, 0% used [0x00000000e0000000,0x00000000e0000000,0x00000000ec900000)
  from space 19456K, 99% used [0x00000000ec900000,0x00000000edbf8338,0x00000000edc00000)
  to   space 43520K, 0% used [0x00000000f6500000,0x00000000f6500000,0x00000000f8f80000)
 ParOldGen       total 91136K, used 90702K [0x00000000a0000000, 0x00000000a5900000, 0x00000000e0000000)
  object space 91136K, 99% used [0x00000000a0000000,0x00000000a5893868,0x00000000a5900000)
 Metaspace       used 62666K, capacity 64514K, committed 64896K, reserved 1105920K
  class space    used 8315K, capacity 8712K, committed 8832K, reserved 1048576K
}
Event: 138,270 GC heap before
{Heap before GC invocations=19 (full 4):
 PSYoungGen      total 225280K, used 19424K [0x00000000e0000000, 0x00000000f8f80000, 0x0000000100000000)
  eden space 205824K, 0% used [0x00000000e0000000,0x00000000e0000000,0x00000000ec900000)
  from space 19456K, 99% used [0x00000000ec900000,0x00000000edbf8338,0x00000000edc00000)
  to   space 43520K, 0% used [0x00000000f6500000,0x00000000f6500000,0x00000000f8f80000)
 ParOldGen       total 91136K, used 90702K [0x00000000a0000000, 0x00000000a5900000, 0x00000000e0000000)
  object space 91136K, 99% used [0x00000000a0000000,0x00000000a5893868,0x00000000a5900000)
 Metaspace       used 62666K, capacity 64514K, committed 64896K, reserved 1105920K
  class space    used 8315K, capacity 8712K, committed 8832K, reserved 1048576K
Event: 139,685 GC heap after
Heap after GC invocations=19 (full 4):
 PSYoungGen      total 225280K, used 19380K [0x00000000e0000000, 0x00000000f8f80000, 0x0000000100000000)
  eden space 205824K, 0% used [0x00000000e0000000,0x00000000e0000000,0x00000000ec900000)
  from space 19456K, 99% used [0x00000000ec900000,0x00000000edbed390,0x00000000edc00000)
  to   space 43520K, 0% used [0x00000000f6500000,0x00000000f6500000,0x00000000f8f80000)
 ParOldGen       total 162816K, used 89560K [0x00000000a0000000, 0x00000000a9f00000, 0x00000000e0000000)
  object space 162816K, 55% used [0x00000000a0000000,0x00000000a57763d8,0x00000000a9f00000)
 Metaspace       used 62666K, capacity 64514K, committed 64896K, reserved 1105920K
  class space    used 8315K, capacity 8712K, committed 8832K, reserved 1048576K
}
Event: 185,396 GC heap before
{Heap before GC invocations=20 (full 4):
 PSYoungGen      total 225280K, used 225204K [0x00000000e0000000, 0x00000000f8f80000, 0x0000000100000000)
  eden space 205824K, 100% used [0x00000000e0000000,0x00000000ec900000,0x00000000ec900000)
  from space 19456K, 99% used [0x00000000ec900000,0x00000000edbed390,0x00000000edc00000)
  to   space 43520K, 0% used [0x00000000f6500000,0x00000000f6500000,0x00000000f8f80000)
 ParOldGen       total 162816K, used 89560K [0x00000000a0000000, 0x00000000a9f00000, 0x00000000e0000000)
  object space 162816K, 55% used [0x00000000a0000000,0x00000000a57763d8,0x00000000a9f00000)
 Metaspace       used 65379K, capacity 67382K, committed 67456K, reserved 1107968K
  class space    used 8561K, capacity 9032K, committed 9088K, reserved 1048576K
Event: 185,631 GC heap after
Heap after GC invocations=20 (full 4):
 PSYoungGen      total 340480K, used 43509K [0x00000000e0000000, 0x00000000f8f80000, 0x0000000100000000)
  eden space 296960K, 0% used [0x00000000e0000000,0x00000000e0000000,0x00000000f2200000)
  from space 43520K, 99% used [0x00000000f6500000,0x00000000f8f7d7e0,0x00000000f8f80000)
  to   space 55296K, 0% used [0x00000000f2380000,0x00000000f2380000,0x00000000f5980000)
 ParOldGen       total 162816K, used 100492K [0x00000000a0000000, 0x00000000a9f00000, 0x00000000e0000000)
  object space 162816K, 61% used [0x00000000a0000000,0x00000000a6223200,0x00000000a9f00000)
 Metaspace       used 65379K, capacity 67382K, committed 67456K, reserved 1107968K
  class space    used 8561K, capacity 9032K, committed 9088K, reserved 1048576K
}
Event: 187,715 GC heap before
{Heap before GC invocations=21 (full 4):
 PSYoungGen      total 340480K, used 340255K [0x00000000e0000000, 0x00000000f8f80000, 0x0000000100000000)
  eden space 296960K, 99% used [0x00000000e0000000,0x00000000f21ca590,0x00000000f2200000)
  from space 43520K, 99% used [0x00000000f6500000,0x00000000f8f7d7e0,0x00000000f8f80000)
  to   space 55296K, 0% used [0x00000000f2380000,0x00000000f2380000,0x00000000f5980000)
 ParOldGen       total 162816K, used 100492K [0x00000000a0000000, 0x00000000a9f00000, 0x00000000e0000000)
  object space 162816K, 61% used [0x00000000a0000000,0x00000000a6223200,0x00000000a9f00000)
 Metaspace       used 65740K, capacity 67784K, committed 68096K, reserved 1107968K
  class space    used 8615K, capacity 9113K, committed 9216K, reserved 1048576K

